<?xml version="1.0" encoding="UTF-8"?>
<testsuite xmlns:xsi="http://www.w3.org/2001/XMLSchema-instance" xsi:noNamespaceSchemaLocation="https://maven.apache.org/surefire/maven-surefire-plugin/xsd/surefire-test-report.xsd" name="TestSuite" time="117.552" tests="29" errors="0" skipped="20" failures="3">
  <properties>
[...]
</properties>
  <testcase name="setup" classname="kite.qa.testScripts.DashboardPageTest" time="27.161">
    <failure message="no such element: Unable to locate element: {&quot;method&quot;:&quot;xpath&quot;,&quot;selector&quot;:&quot;//*[@id=&quot;container&quot;]/div/div/div/form/div[2]/div/input&quot;}&#10;  (Session info: MicrosoftEdge=92.0.902.78)&#10;For documentation on this error, please visit: https://www.seleniumhq.org/exceptions/no_such_element.html&#10;Build info: version: &apos;3.141.59&apos;, revision: &apos;e82be7d358&apos;, time: &apos;2018-11-14T08:17:03&apos;&#10;System info: host: &apos;LAPTOP-IKS9SD1L&apos;, ip: &apos;192.168.194.1&apos;, os.name: &apos;Windows 10&apos;, os.arch: &apos;amd64&apos;, os.version: &apos;10.0&apos;, java.version: &apos;15.0.2&apos;&#10;Driver info: org.openqa.selenium.edge.EdgeDriver&#10;Capabilities {acceptInsecureCerts: false, browserName: msedge, browserVersion: 92.0.902.78, javascriptEnabled: true, ms:edgeOptions: {debuggerAddress: localhost:61598}, msedge: {msedgedriverVersion: 92.0.902.78 (cf138c12fbef5d..., userDataDir: C:\Users\Sharayu\AppData\Lo...}, networkConnectionEnabled: false, pageLoadStrategy: normal, platform: WINDOWS, platformName: WINDOWS, proxy: Proxy(), setWindowRect: true, strictFileInteractability: false, timeouts: {implicit: 0, pageLoad: 300000, script: 30000}, unhandledPromptBehavior: dismiss and notify, webauthn:extension:credBlob: true, webauthn:extension:largeBlob: true, webauthn:virtualAuthenticators: true}&#10;Session ID: d77661add996ee22a6a7a2c5b97134d0&#10;*** Element info: {Using=xpath, value=//*[@id=&quot;container&quot;]/div/div/div/form/div[2]/div/input}" type="org.openqa.selenium.NoSuchElementException">org.openqa.selenium.NoSuchElementException: 
no such element: Unable to locate element: {"method":"xpath","selector":"//*[@id="container"]/div/div/div/form/div[2]/div/input"}
  (Session info: MicrosoftEdge=92.0.902.78)
For documentation on this error, please visit: https://www.seleniumhq.org/exceptions/no_such_element.html
Build info: version: '3.141.59', revision: 'e82be7d358', time: '2018-11-14T08:17:03'
System info: host: 'LAPTOP-IKS9SD1L', ip: '192.168.194.1', os.name: 'Windows 10', os.arch: 'amd64', os.version: '10.0', java.version: '15.0.2'
Driver info: org.openqa.selenium.edge.EdgeDriver
Capabilities {acceptInsecureCerts: false, browserName: msedge, browserVersion: 92.0.902.78, javascriptEnabled: true, ms:edgeOptions: {debuggerAddress: localhost:61598}, msedge: {msedgedriverVersion: 92.0.902.78 (cf138c12fbef5d..., userDataDir: C:\Users\Sharayu\AppData\Lo...}, networkConnectionEnabled: false, pageLoadStrategy: normal, platform: WINDOWS, platformName: WINDOWS, proxy: Proxy(), setWindowRect: true, strictFileInteractability: false, timeouts: {implicit: 0, pageLoad: 300000, script: 30000}, unhandledPromptBehavior: dismiss and notify, webauthn:extension:credBlob: true, webauthn:extension:largeBlob: true, webauthn:virtualAuthenticators: true}
Session ID: d77661add996ee22a6a7a2c5b97134d0
*** Element info: {Using=xpath, value=//*[@id="container"]/div/div/div/form/div[2]/div/input}
	at kite.qa.testScripts.DashboardPageTest.setup(DashboardPageTest.java:35)
</failure>
    <system-out><![CDATA[Before navigating to: 'https://kite.zerodha.com'
Navigated to:'https://kite.zerodha.com'
Trying to click on: [[EdgeDriver: msedge on WINDOWS (d77661add996ee22a6a7a2c5b97134d0)] -> xpath: //button[@type='submit']]
Clicked on: [[EdgeDriver: msedge on WINDOWS (d77661add996ee22a6a7a2c5b97134d0)] -> xpath: //button[@type='submit']]
Sarika1706!5	
]]></system-out>
    <system-err><![CDATA[Starting MSEdgeDriver 92.0.902.78 (cf138c12fbef5d68392247688f16ca31d2b55bc5) on port 23159
Only local connections are allowed.
Please see https://chromedriver.chromium.org/security-considerations for suggestions on keeping MSEdgeDriver safe.
MSEdgeDriver was started successfully.
Aug 24, 2021 7:43:06 AM org.openqa.selenium.remote.ProtocolHandshake createSession
INFO: Detected dialect: W3C
]]></system-err>
  </testcase>
  <testcase name="setup" classname="kite.qa.testScripts.DashboardPageTest" time="0">
    <skipped/>
  </testcase>
  <testcase name="setup" classname="kite.qa.testScripts.DashboardPageTest" time="0">
    <skipped/>
  </testcase>
  <testcase name="setup" classname="kite.qa.testScripts.DashboardPageTest" time="0">
    <skipped/>
  </testcase>
  <testcase name="setup" classname="kite.qa.testScripts.DashboardPageTest" time="0">
    <skipped/>
  </testcase>
  <testcase name="setup" classname="kite.qa.testScripts.DashboardPageTest" time="0">
    <skipped/>
  </testcase>
  <testcase name="setup" classname="kite.qa.testScripts.DashboardPageTest" time="0">
    <skipped/>
  </testcase>
  <testcase name="checkBtnBlueTest" classname="kite.qa.testScripts.DashboardPageTest" time="0">
    <skipped message="no such element: Unable to locate element: {&quot;method&quot;:&quot;xpath&quot;,&quot;selector&quot;:&quot;//*[@id=&quot;container&quot;]/div/div/div/form/div[2]/div/input&quot;}&#10;  (Session info: MicrosoftEdge=92.0.902.78)&#10;For documentation on this error, please visit: https://www.seleniumhq.org/exceptions/no_such_element.html&#10;Build info: version: &apos;3.141.59&apos;, revision: &apos;e82be7d358&apos;, time: &apos;2018-11-14T08:17:03&apos;&#10;System info: host: &apos;LAPTOP-IKS9SD1L&apos;, ip: &apos;192.168.194.1&apos;, os.name: &apos;Windows 10&apos;, os.arch: &apos;amd64&apos;, os.version: &apos;10.0&apos;, java.version: &apos;15.0.2&apos;&#10;Driver info: org.openqa.selenium.edge.EdgeDriver&#10;Capabilities {acceptInsecureCerts: false, browserName: msedge, browserVersion: 92.0.902.78, javascriptEnabled: true, ms:edgeOptions: {debuggerAddress: localhost:61598}, msedge: {msedgedriverVersion: 92.0.902.78 (cf138c12fbef5d..., userDataDir: C:\Users\Sharayu\AppData\Lo...}, networkConnectionEnabled: false, pageLoadStrategy: normal, platform: WINDOWS, platformName: WINDOWS, proxy: Proxy(), setWindowRect: true, strictFileInteractability: false, timeouts: {implicit: 0, pageLoad: 300000, script: 30000}, unhandledPromptBehavior: dismiss and notify, webauthn:extension:credBlob: true, webauthn:extension:largeBlob: true, webauthn:virtualAuthenticators: true}&#10;Session ID: d77661add996ee22a6a7a2c5b97134d0&#10;*** Element info: {Using=xpath, value=//*[@id=&quot;container&quot;]/div/div/div/form/div[2]/div/input}"/>
  </testcase>
  <testcase name="tearDown" classname="kite.qa.testScripts.DashboardPageTest" time="0">
    <skipped/>
  </testcase>
  <testcase name="tearDown" classname="kite.qa.testScripts.DashboardPageTest" time="0">
    <skipped/>
  </testcase>
  <testcase name="tearDown" classname="kite.qa.testScripts.DashboardPageTest" time="0">
    <skipped/>
  </testcase>
  <testcase name="tearDown" classname="kite.qa.testScripts.DashboardPageTest" time="0">
    <skipped/>
  </testcase>
  <testcase name="tearDown" classname="kite.qa.testScripts.DashboardPageTest" time="0">
    <skipped/>
  </testcase>
  <testcase name="tearDown" classname="kite.qa.testScripts.DashboardPageTest" time="0">
    <skipped/>
  </testcase>
  <testcase name="tearDown" classname="kite.qa.testScripts.DashboardPageTest" time="0">
    <skipped/>
  </testcase>
  <testcase name="checkMarketULTest" classname="kite.qa.testScripts.DashboardPageTest" time="0">
    <skipped message="no such element: Unable to locate element: {&quot;method&quot;:&quot;xpath&quot;,&quot;selector&quot;:&quot;//*[@id=&quot;container&quot;]/div/div/div/form/div[2]/div/input&quot;}&#10;  (Session info: MicrosoftEdge=92.0.902.78)&#10;For documentation on this error, please visit: https://www.seleniumhq.org/exceptions/no_such_element.html&#10;Build info: version: &apos;3.141.59&apos;, revision: &apos;e82be7d358&apos;, time: &apos;2018-11-14T08:17:03&apos;&#10;System info: host: &apos;LAPTOP-IKS9SD1L&apos;, ip: &apos;192.168.194.1&apos;, os.name: &apos;Windows 10&apos;, os.arch: &apos;amd64&apos;, os.version: &apos;10.0&apos;, java.version: &apos;15.0.2&apos;&#10;Driver info: org.openqa.selenium.edge.EdgeDriver&#10;Capabilities {acceptInsecureCerts: false, browserName: msedge, browserVersion: 92.0.902.78, javascriptEnabled: true, ms:edgeOptions: {debuggerAddress: localhost:61598}, msedge: {msedgedriverVersion: 92.0.902.78 (cf138c12fbef5d..., userDataDir: C:\Users\Sharayu\AppData\Lo...}, networkConnectionEnabled: false, pageLoadStrategy: normal, platform: WINDOWS, platformName: WINDOWS, proxy: Proxy(), setWindowRect: true, strictFileInteractability: false, timeouts: {implicit: 0, pageLoad: 300000, script: 30000}, unhandledPromptBehavior: dismiss and notify, webauthn:extension:credBlob: true, webauthn:extension:largeBlob: true, webauthn:virtualAuthenticators: true}&#10;Session ID: d77661add996ee22a6a7a2c5b97134d0&#10;*** Element info: {Using=xpath, value=//*[@id=&quot;container&quot;]/div/div/div/form/div[2]/div/input}"/>
  </testcase>
  <testcase name="checkNicknameTest" classname="kite.qa.testScripts.DashboardPageTest" time="0">
    <skipped message="no such element: Unable to locate element: {&quot;method&quot;:&quot;xpath&quot;,&quot;selector&quot;:&quot;//*[@id=&quot;container&quot;]/div/div/div/form/div[2]/div/input&quot;}&#10;  (Session info: MicrosoftEdge=92.0.902.78)&#10;For documentation on this error, please visit: https://www.seleniumhq.org/exceptions/no_such_element.html&#10;Build info: version: &apos;3.141.59&apos;, revision: &apos;e82be7d358&apos;, time: &apos;2018-11-14T08:17:03&apos;&#10;System info: host: &apos;LAPTOP-IKS9SD1L&apos;, ip: &apos;192.168.194.1&apos;, os.name: &apos;Windows 10&apos;, os.arch: &apos;amd64&apos;, os.version: &apos;10.0&apos;, java.version: &apos;15.0.2&apos;&#10;Driver info: org.openqa.selenium.edge.EdgeDriver&#10;Capabilities {acceptInsecureCerts: false, browserName: msedge, browserVersion: 92.0.902.78, javascriptEnabled: true, ms:edgeOptions: {debuggerAddress: localhost:61598}, msedge: {msedgedriverVersion: 92.0.902.78 (cf138c12fbef5d..., userDataDir: C:\Users\Sharayu\AppData\Lo...}, networkConnectionEnabled: false, pageLoadStrategy: normal, platform: WINDOWS, platformName: WINDOWS, proxy: Proxy(), setWindowRect: true, strictFileInteractability: false, timeouts: {implicit: 0, pageLoad: 300000, script: 30000}, unhandledPromptBehavior: dismiss and notify, webauthn:extension:credBlob: true, webauthn:extension:largeBlob: true, webauthn:virtualAuthenticators: true}&#10;Session ID: d77661add996ee22a6a7a2c5b97134d0&#10;*** Element info: {Using=xpath, value=//*[@id=&quot;container&quot;]/div/div/div/form/div[2]/div/input}"/>
  </testcase>
  <testcase name="checkSearchMarketTest" classname="kite.qa.testScripts.DashboardPageTest" time="0">
    <skipped message="no such element: Unable to locate element: {&quot;method&quot;:&quot;xpath&quot;,&quot;selector&quot;:&quot;//*[@id=&quot;container&quot;]/div/div/div/form/div[2]/div/input&quot;}&#10;  (Session info: MicrosoftEdge=92.0.902.78)&#10;For documentation on this error, please visit: https://www.seleniumhq.org/exceptions/no_such_element.html&#10;Build info: version: &apos;3.141.59&apos;, revision: &apos;e82be7d358&apos;, time: &apos;2018-11-14T08:17:03&apos;&#10;System info: host: &apos;LAPTOP-IKS9SD1L&apos;, ip: &apos;192.168.194.1&apos;, os.name: &apos;Windows 10&apos;, os.arch: &apos;amd64&apos;, os.version: &apos;10.0&apos;, java.version: &apos;15.0.2&apos;&#10;Driver info: org.openqa.selenium.edge.EdgeDriver&#10;Capabilities {acceptInsecureCerts: false, browserName: msedge, browserVersion: 92.0.902.78, javascriptEnabled: true, ms:edgeOptions: {debuggerAddress: localhost:61598}, msedge: {msedgedriverVersion: 92.0.902.78 (cf138c12fbef5d..., userDataDir: C:\Users\Sharayu\AppData\Lo...}, networkConnectionEnabled: false, pageLoadStrategy: normal, platform: WINDOWS, platformName: WINDOWS, proxy: Proxy(), setWindowRect: true, strictFileInteractability: false, timeouts: {implicit: 0, pageLoad: 300000, script: 30000}, unhandledPromptBehavior: dismiss and notify, webauthn:extension:credBlob: true, webauthn:extension:largeBlob: true, webauthn:virtualAuthenticators: true}&#10;Session ID: d77661add996ee22a6a7a2c5b97134d0&#10;*** Element info: {Using=xpath, value=//*[@id=&quot;container&quot;]/div/div/div/form/div[2]/div/input}"/>
  </testcase>
  <testcase name="checkUserIdLabelTest" classname="kite.qa.testScripts.DashboardPageTest" time="0">
    <skipped message="no such element: Unable to locate element: {&quot;method&quot;:&quot;xpath&quot;,&quot;selector&quot;:&quot;//*[@id=&quot;container&quot;]/div/div/div/form/div[2]/div/input&quot;}&#10;  (Session info: MicrosoftEdge=92.0.902.78)&#10;For documentation on this error, please visit: https://www.seleniumhq.org/exceptions/no_such_element.html&#10;Build info: version: &apos;3.141.59&apos;, revision: &apos;e82be7d358&apos;, time: &apos;2018-11-14T08:17:03&apos;&#10;System info: host: &apos;LAPTOP-IKS9SD1L&apos;, ip: &apos;192.168.194.1&apos;, os.name: &apos;Windows 10&apos;, os.arch: &apos;amd64&apos;, os.version: &apos;10.0&apos;, java.version: &apos;15.0.2&apos;&#10;Driver info: org.openqa.selenium.edge.EdgeDriver&#10;Capabilities {acceptInsecureCerts: false, browserName: msedge, browserVersion: 92.0.902.78, javascriptEnabled: true, ms:edgeOptions: {debuggerAddress: localhost:61598}, msedge: {msedgedriverVersion: 92.0.902.78 (cf138c12fbef5d..., userDataDir: C:\Users\Sharayu\AppData\Lo...}, networkConnectionEnabled: false, pageLoadStrategy: normal, platform: WINDOWS, platformName: WINDOWS, proxy: Proxy(), setWindowRect: true, strictFileInteractability: false, timeouts: {implicit: 0, pageLoad: 300000, script: 30000}, unhandledPromptBehavior: dismiss and notify, webauthn:extension:credBlob: true, webauthn:extension:largeBlob: true, webauthn:virtualAuthenticators: true}&#10;Session ID: d77661add996ee22a6a7a2c5b97134d0&#10;*** Element info: {Using=xpath, value=//*[@id=&quot;container&quot;]/div/div/div/form/div[2]/div/input}"/>
  </testcase>
  <testcase name="checkUserImageTest" classname="kite.qa.testScripts.DashboardPageTest" time="0">
    <skipped message="no such element: Unable to locate element: {&quot;method&quot;:&quot;xpath&quot;,&quot;selector&quot;:&quot;//*[@id=&quot;container&quot;]/div/div/div/form/div[2]/div/input&quot;}&#10;  (Session info: MicrosoftEdge=92.0.902.78)&#10;For documentation on this error, please visit: https://www.seleniumhq.org/exceptions/no_such_element.html&#10;Build info: version: &apos;3.141.59&apos;, revision: &apos;e82be7d358&apos;, time: &apos;2018-11-14T08:17:03&apos;&#10;System info: host: &apos;LAPTOP-IKS9SD1L&apos;, ip: &apos;192.168.194.1&apos;, os.name: &apos;Windows 10&apos;, os.arch: &apos;amd64&apos;, os.version: &apos;10.0&apos;, java.version: &apos;15.0.2&apos;&#10;Driver info: org.openqa.selenium.edge.EdgeDriver&#10;Capabilities {acceptInsecureCerts: false, browserName: msedge, browserVersion: 92.0.902.78, javascriptEnabled: true, ms:edgeOptions: {debuggerAddress: localhost:61598}, msedge: {msedgedriverVersion: 92.0.902.78 (cf138c12fbef5d..., userDataDir: C:\Users\Sharayu\AppData\Lo...}, networkConnectionEnabled: false, pageLoadStrategy: normal, platform: WINDOWS, platformName: WINDOWS, proxy: Proxy(), setWindowRect: true, strictFileInteractability: false, timeouts: {implicit: 0, pageLoad: 300000, script: 30000}, unhandledPromptBehavior: dismiss and notify, webauthn:extension:credBlob: true, webauthn:extension:largeBlob: true, webauthn:virtualAuthenticators: true}&#10;Session ID: d77661add996ee22a6a7a2c5b97134d0&#10;*** Element info: {Using=xpath, value=//*[@id=&quot;container&quot;]/div/div/div/form/div[2]/div/input}"/>
  </testcase>
  <testcase name="getTitleTest" classname="kite.qa.testScripts.DashboardPageTest" time="0">
    <skipped message="no such element: Unable to locate element: {&quot;method&quot;:&quot;xpath&quot;,&quot;selector&quot;:&quot;//*[@id=&quot;container&quot;]/div/div/div/form/div[2]/div/input&quot;}&#10;  (Session info: MicrosoftEdge=92.0.902.78)&#10;For documentation on this error, please visit: https://www.seleniumhq.org/exceptions/no_such_element.html&#10;Build info: version: &apos;3.141.59&apos;, revision: &apos;e82be7d358&apos;, time: &apos;2018-11-14T08:17:03&apos;&#10;System info: host: &apos;LAPTOP-IKS9SD1L&apos;, ip: &apos;192.168.194.1&apos;, os.name: &apos;Windows 10&apos;, os.arch: &apos;amd64&apos;, os.version: &apos;10.0&apos;, java.version: &apos;15.0.2&apos;&#10;Driver info: org.openqa.selenium.edge.EdgeDriver&#10;Capabilities {acceptInsecureCerts: false, browserName: msedge, browserVersion: 92.0.902.78, javascriptEnabled: true, ms:edgeOptions: {debuggerAddress: localhost:61598}, msedge: {msedgedriverVersion: 92.0.902.78 (cf138c12fbef5d..., userDataDir: C:\Users\Sharayu\AppData\Lo...}, networkConnectionEnabled: false, pageLoadStrategy: normal, platform: WINDOWS, platformName: WINDOWS, proxy: Proxy(), setWindowRect: true, strictFileInteractability: false, timeouts: {implicit: 0, pageLoad: 300000, script: 30000}, unhandledPromptBehavior: dismiss and notify, webauthn:extension:credBlob: true, webauthn:extension:largeBlob: true, webauthn:virtualAuthenticators: true}&#10;Session ID: d77661add996ee22a6a7a2c5b97134d0&#10;*** Element info: {Using=xpath, value=//*[@id=&quot;container&quot;]/div/div/div/form/div[2]/div/input}"/>
  </testcase>
  <testcase name="checkTitleTest" classname="kite.qa.testScripts.LoginPage2Test" time="0.434"/>
  <testcase name="checkPinTest" classname="kite.qa.testScripts.LoginPage2Test" time="20.028">
    <failure message="no such element: Unable to locate element: {&quot;method&quot;:&quot;xpath&quot;,&quot;selector&quot;:&quot;//*[@id=&quot;container&quot;]/div/div/div/form/div[2]/div/input&quot;}&#10;  (Session info: MicrosoftEdge=92.0.902.78)&#10;For documentation on this error, please visit: https://www.seleniumhq.org/exceptions/no_such_element.html&#10;Build info: version: &apos;3.141.59&apos;, revision: &apos;e82be7d358&apos;, time: &apos;2018-11-14T08:17:03&apos;&#10;System info: host: &apos;LAPTOP-IKS9SD1L&apos;, ip: &apos;192.168.194.1&apos;, os.name: &apos;Windows 10&apos;, os.arch: &apos;amd64&apos;, os.version: &apos;10.0&apos;, java.version: &apos;15.0.2&apos;&#10;Driver info: org.openqa.selenium.edge.EdgeDriver&#10;Capabilities {acceptInsecureCerts: false, browserName: msedge, browserVersion: 92.0.902.78, javascriptEnabled: true, ms:edgeOptions: {debuggerAddress: localhost:62606}, msedge: {msedgedriverVersion: 92.0.902.78 (cf138c12fbef5d..., userDataDir: C:\Users\Sharayu\AppData\Lo...}, networkConnectionEnabled: false, pageLoadStrategy: normal, platform: WINDOWS, platformName: WINDOWS, proxy: Proxy(), setWindowRect: true, strictFileInteractability: false, timeouts: {implicit: 0, pageLoad: 300000, script: 30000}, unhandledPromptBehavior: dismiss and notify, webauthn:extension:credBlob: true, webauthn:extension:largeBlob: true, webauthn:virtualAuthenticators: true}&#10;Session ID: 59aafc83b006c7d1b430281293495ca7&#10;*** Element info: {Using=xpath, value=//*[@id=&quot;container&quot;]/div/div/div/form/div[2]/div/input}" type="org.openqa.selenium.NoSuchElementException">org.openqa.selenium.NoSuchElementException: 
no such element: Unable to locate element: {"method":"xpath","selector":"//*[@id="container"]/div/div/div/form/div[2]/div/input"}
  (Session info: MicrosoftEdge=92.0.902.78)
For documentation on this error, please visit: https://www.seleniumhq.org/exceptions/no_such_element.html
Build info: version: '3.141.59', revision: 'e82be7d358', time: '2018-11-14T08:17:03'
System info: host: 'LAPTOP-IKS9SD1L', ip: '192.168.194.1', os.name: 'Windows 10', os.arch: 'amd64', os.version: '10.0', java.version: '15.0.2'
Driver info: org.openqa.selenium.edge.EdgeDriver
Capabilities {acceptInsecureCerts: false, browserName: msedge, browserVersion: 92.0.902.78, javascriptEnabled: true, ms:edgeOptions: {debuggerAddress: localhost:62606}, msedge: {msedgedriverVersion: 92.0.902.78 (cf138c12fbef5d..., userDataDir: C:\Users\Sharayu\AppData\Lo...}, networkConnectionEnabled: false, pageLoadStrategy: normal, platform: WINDOWS, platformName: WINDOWS, proxy: Proxy(), setWindowRect: true, strictFileInteractability: false, timeouts: {implicit: 0, pageLoad: 300000, script: 30000}, unhandledPromptBehavior: dismiss and notify, webauthn:extension:credBlob: true, webauthn:extension:largeBlob: true, webauthn:virtualAuthenticators: true}
Session ID: 59aafc83b006c7d1b430281293495ca7
*** Element info: {Using=xpath, value=//*[@id="container"]/div/div/div/form/div[2]/div/input}
	at kite.qa.testScripts.LoginPage2Test.checkPinTest(LoginPage2Test.java:44)
</failure>
    <system-out><![CDATA[Before navigating to: 'https://kite.zerodha.com'
Navigated to:'https://kite.zerodha.com'
Trying to click on: [[EdgeDriver: msedge on WINDOWS (59aafc83b006c7d1b430281293495ca7)] -> xpath: //button[@type='submit']]
Clicked on: [[EdgeDriver: msedge on WINDOWS (59aafc83b006c7d1b430281293495ca7)] -> xpath: //button[@type='submit']]
]]></system-out>
    <system-err><![CDATA[Starting MSEdgeDriver 92.0.902.78 (cf138c12fbef5d68392247688f16ca31d2b55bc5) on port 3002
Only local connections are allowed.
Please see https://chromedriver.chromium.org/security-considerations for suggestions on keeping MSEdgeDriver safe.
MSEdgeDriver was started successfully.
Aug 24, 2021 7:43:44 AM org.openqa.selenium.remote.ProtocolHandshake createSession
INFO: Detected dialect: W3C
]]></system-err>
  </testcase>
  <testcase name="checkForgotPasswordLinkTest" classname="kite.qa.testScripts.LoginPage2Test" time="20.027">
    <failure message="no such element: Unable to locate element: {&quot;method&quot;:&quot;link text&quot;,&quot;selector&quot;:&quot;Forgot 2FA?&quot;}&#10;  (Session info: MicrosoftEdge=92.0.902.78)&#10;For documentation on this error, please visit: https://www.seleniumhq.org/exceptions/no_such_element.html&#10;Build info: version: &apos;3.141.59&apos;, revision: &apos;e82be7d358&apos;, time: &apos;2018-11-14T08:17:03&apos;&#10;System info: host: &apos;LAPTOP-IKS9SD1L&apos;, ip: &apos;192.168.194.1&apos;, os.name: &apos;Windows 10&apos;, os.arch: &apos;amd64&apos;, os.version: &apos;10.0&apos;, java.version: &apos;15.0.2&apos;&#10;Driver info: org.openqa.selenium.edge.EdgeDriver&#10;Capabilities {acceptInsecureCerts: false, browserName: msedge, browserVersion: 92.0.902.78, javascriptEnabled: true, ms:edgeOptions: {debuggerAddress: localhost:52527}, msedge: {msedgedriverVersion: 92.0.902.78 (cf138c12fbef5d..., userDataDir: C:\Users\Sharayu\AppData\Lo...}, networkConnectionEnabled: false, pageLoadStrategy: normal, platform: WINDOWS, platformName: WINDOWS, proxy: Proxy(), setWindowRect: true, strictFileInteractability: false, timeouts: {implicit: 0, pageLoad: 300000, script: 30000}, unhandledPromptBehavior: dismiss and notify, webauthn:extension:credBlob: true, webauthn:extension:largeBlob: true, webauthn:virtualAuthenticators: true}&#10;Session ID: 2eabc0fecc79bb72a8765dc4932a6432&#10;*** Element info: {Using=link text, value=Forgot 2FA?}" type="org.openqa.selenium.NoSuchElementException">org.openqa.selenium.NoSuchElementException: 
no such element: Unable to locate element: {"method":"link text","selector":"Forgot 2FA?"}
  (Session info: MicrosoftEdge=92.0.902.78)
For documentation on this error, please visit: https://www.seleniumhq.org/exceptions/no_such_element.html
Build info: version: '3.141.59', revision: 'e82be7d358', time: '2018-11-14T08:17:03'
System info: host: 'LAPTOP-IKS9SD1L', ip: '192.168.194.1', os.name: 'Windows 10', os.arch: 'amd64', os.version: '10.0', java.version: '15.0.2'
Driver info: org.openqa.selenium.edge.EdgeDriver
Capabilities {acceptInsecureCerts: false, browserName: msedge, browserVersion: 92.0.902.78, javascriptEnabled: true, ms:edgeOptions: {debuggerAddress: localhost:52527}, msedge: {msedgedriverVersion: 92.0.902.78 (cf138c12fbef5d..., userDataDir: C:\Users\Sharayu\AppData\Lo...}, networkConnectionEnabled: false, pageLoadStrategy: normal, platform: WINDOWS, platformName: WINDOWS, proxy: Proxy(), setWindowRect: true, strictFileInteractability: false, timeouts: {implicit: 0, pageLoad: 300000, script: 30000}, unhandledPromptBehavior: dismiss and notify, webauthn:extension:credBlob: true, webauthn:extension:largeBlob: true, webauthn:virtualAuthenticators: true}
Session ID: 2eabc0fecc79bb72a8765dc4932a6432
*** Element info: {Using=link text, value=Forgot 2FA?}
	at kite.qa.testScripts.LoginPage2Test.checkForgotPasswordLinkTest(LoginPage2Test.java:49)
</failure>
    <system-out><![CDATA[Before navigating to: 'https://kite.zerodha.com'
Navigated to:'https://kite.zerodha.com'
Trying to click on: [[EdgeDriver: msedge on WINDOWS (2eabc0fecc79bb72a8765dc4932a6432)] -> xpath: //button[@type='submit']]
Clicked on: [[EdgeDriver: msedge on WINDOWS (2eabc0fecc79bb72a8765dc4932a6432)] -> xpath: //button[@type='submit']]
]]></system-out>
    <system-err><![CDATA[Starting MSEdgeDriver 92.0.902.78 (cf138c12fbef5d68392247688f16ca31d2b55bc5) on port 4875
Only local connections are allowed.
Please see https://chromedriver.chromium.org/security-considerations for suggestions on keeping MSEdgeDriver safe.
MSEdgeDriver was started successfully.
Aug 24, 2021 7:44:10 AM org.openqa.selenium.remote.ProtocolHandshake createSession
INFO: Detected dialect: W3C
]]></system-err>
  </testcase>
  <testcase name="checkTitleTest" classname="kite.qa.testScripts.LoginPageTest" time="0.032"/>
  <testcase name="checkLogoTest" classname="kite.qa.testScripts.LoginPageTest" time="0.379"/>
  <testcase name="checkHeaderTest" classname="kite.qa.testScripts.LoginPageTest" time="0.214"/>
  <testcase name="checkForgotPasswordLinkTest" classname="kite.qa.testScripts.LoginPageTest" time="0.512"/>
  <testcase name="checkSignUpTest" classname="kite.qa.testScripts.LoginPageTest" time="0.479"/>
</testsuite>